Connecting to database specified by database.yml
Connecting to database specified by database.yml
Connecting to database specified by database.yml
Connecting to database specified by database.yml
  [1m[36m (0.2ms)[0m  [1mselect sqlite_version(*)[0m
  [1m[35m (55.4ms)[0m  CREATE TABLE "schema_migrations" ("version" varchar(255) NOT NULL) 
  [1m[36m (3.4ms)[0m  [1mCREATE UNIQUE INDEX "unique_schema_migrations" ON "schema_migrations" ("version")[0m
  [1m[35m (2.5ms)[0m  SELECT "schema_migrations"."version" FROM "schema_migrations" 
Migrating to CreateProducts (20130411005005)
  [1m[36m (0.1ms)[0m  [1mbegin transaction[0m
  [1m[35m (0.6ms)[0m  CREATE TABLE "products" ("id" INTEGER PRIMARY KEY AUTOINCREMENT NOT NULL, "name" varchar(255), "price" float, "created_at" datetime NOT NULL, "updated_at" datetime NOT NULL) 
  [1m[36m (0.1ms)[0m  [1mINSERT INTO "schema_migrations" ("version") VALUES ('20130411005005')[0m
  [1m[35m (4.0ms)[0m  commit transaction
Migrating to CreateReviews (20130411005058)
  [1m[36m (0.1ms)[0m  [1mbegin transaction[0m
  [1m[35m (0.5ms)[0m  CREATE TABLE "reviews" ("id" INTEGER PRIMARY KEY AUTOINCREMENT NOT NULL, "body" text, "rating" float, "product_id" integer, "created_at" datetime NOT NULL, "updated_at" datetime NOT NULL) 
  [1m[36m (0.1ms)[0m  [1mINSERT INTO "schema_migrations" ("version") VALUES ('20130411005058')[0m
  [1m[35m (4.1ms)[0m  commit transaction
  [1m[36m (0.1ms)[0m  [1mSELECT "schema_migrations"."version" FROM "schema_migrations" [0m
Connecting to database specified by database.yml


Started GET "/products" for 127.0.0.1 at 2013-04-10 17:56:38 -0700
Processing by ProductsController#index as HTML
  [1m[36mProduct Load (0.2ms)[0m  [1mSELECT "products".* FROM "products" [0m
  Rendered products/index.html.erb within layouts/application (9.4ms)
Compiled products.css  (10ms)  (pid 5999)
Compiled reviews.css  (2ms)  (pid 5999)
Compiled scaffolds.css  (31ms)  (pid 5999)
Compiled application.css  (157ms)  (pid 5999)
Compiled jquery.js  (3ms)  (pid 5999)
Compiled jquery_ujs.js  (0ms)  (pid 5999)
Compiled products.js  (228ms)  (pid 5999)
Compiled reviews.js  (136ms)  (pid 5999)
Compiled application.js  (479ms)  (pid 5999)
Completed 200 OK in 945ms (Views: 862.1ms | ActiveRecord: 3.1ms)


Started GET "/assets/reviews.css?body=1" for 127.0.0.1 at 2013-04-10 17:56:39 -0700
Served asset /reviews.css - 200 OK (2ms)


Started GET "/assets/reviews.js?body=1" for 127.0.0.1 at 2013-04-10 17:56:39 -0700
Served asset /reviews.js - 200 OK (6ms)


Started GET "/assets/products.css?body=1" for 127.0.0.1 at 2013-04-10 17:56:39 -0700
Served asset /products.css - 304 Not Modified (2ms)


Started GET "/assets/jquery.js?body=1" for 127.0.0.1 at 2013-04-10 17:56:39 -0700
Served asset /jquery.js - 304 Not Modified (3ms)


Started GET "/assets/jquery_ujs.js?body=1" for 127.0.0.1 at 2013-04-10 17:56:39 -0700
Served asset /jquery_ujs.js - 304 Not Modified (2ms)


Started GET "/assets/scaffolds.css?body=1" for 127.0.0.1 at 2013-04-10 17:56:39 -0700
Served asset /scaffolds.css - 304 Not Modified (1ms)


Started GET "/assets/products.js?body=1" for 127.0.0.1 at 2013-04-10 17:56:39 -0700
Served asset /products.js - 304 Not Modified (1ms)


Started GET "/assets/application.js?body=1" for 127.0.0.1 at 2013-04-10 17:56:39 -0700
Served asset /application.js - 304 Not Modified (14ms)


Started GET "/assets/application.css?body=1" for 127.0.0.1 at 2013-04-10 17:56:39 -0700
Served asset /application.css - 304 Not Modified (5ms)


Started GET "/reviews" for 127.0.0.1 at 2013-04-10 17:57:33 -0700
Processing by ReviewsController#index as HTML
  [1m[35mReview Load (0.1ms)[0m  SELECT "reviews".* FROM "reviews" 
  Rendered reviews/index.html.erb within layouts/application (2.0ms)
Completed 200 OK in 98ms (Views: 94.9ms | ActiveRecord: 0.5ms)


Started GET "/assets/application.css?body=1" for 127.0.0.1 at 2013-04-10 17:57:34 -0700
Served asset /application.css - 304 Not Modified (0ms)


Started GET "/assets/reviews.css?body=1" for 127.0.0.1 at 2013-04-10 17:57:34 -0700
Served asset /reviews.css - 304 Not Modified (0ms)


Started GET "/assets/products.css?body=1" for 127.0.0.1 at 2013-04-10 17:57:34 -0700
Served asset /products.css - 304 Not Modified (0ms)


Started GET "/assets/jquery.js?body=1" for 127.0.0.1 at 2013-04-10 17:57:34 -0700
Served asset /jquery.js - 304 Not Modified (0ms)


Started GET "/assets/products.js?body=1" for 127.0.0.1 at 2013-04-10 17:57:34 -0700
Served asset /products.js - 304 Not Modified (0ms)


Started GET "/assets/scaffolds.css?body=1" for 127.0.0.1 at 2013-04-10 17:57:34 -0700
Served asset /scaffolds.css - 304 Not Modified (0ms)


Started GET "/assets/reviews.js?body=1" for 127.0.0.1 at 2013-04-10 17:57:34 -0700
Served asset /reviews.js - 304 Not Modified (0ms)


Started GET "/assets/application.js?body=1" for 127.0.0.1 at 2013-04-10 17:57:34 -0700
Served asset /application.js - 304 Not Modified (0ms)


Started GET "/assets/jquery_ujs.js?body=1" for 127.0.0.1 at 2013-04-10 17:57:34 -0700
Served asset /jquery_ujs.js - 304 Not Modified (0ms)
